2025-08-19 07:35:58,010 - INFO - ***********************************************************
2025-08-19 07:35:58,010 - INFO - * 
2025-08-19 07:35:58,010 - INFO - *          Python ....
2025-08-19 07:35:58,010 - INFO - * 
2025-08-19 07:35:58,010 - INFO - ***********************************************************
2025-08-19 07:35:58,010 - INFO - * General
2025-08-19 07:35:58,010 - INFO - * 
2025-08-19 07:35:58,010 - INFO - * Console Debuglevel               : 20
2025-08-19 07:35:58,010 - INFO - * File Debuglevel                  : 20
2025-08-19 07:35:58,010 - INFO - * 
2025-08-19 07:35:58,010 - INFO - * Locale                           : en_IE
2025-08-19 07:35:58,010 - INFO - * Country                          : Ireland
2025-08-19 07:35:58,010 - INFO - * Seed Data Directory              : data
2025-08-19 07:35:58,010 - INFO - * Seed Data File                   : data/ireland.json
2025-08-19 07:35:58,010 - INFO - * Bank Data File                   : data/ie_banks.json
2025-08-19 07:35:58,010 - INFO - * AgeCap                           : 800
2025-08-19 07:35:58,010 - INFO - * DayCap                           : 300
2025-08-19 07:35:58,010 - INFO - * Age Block Size                   : 10
2025-08-19 07:35:58,010 - INFO - * Batch Size                       : 500
2025-08-19 07:35:58,010 - INFO - * 
2025-08-19 07:35:58,010 - INFO - * Log Directory                    : logs
2025-08-19 07:35:58,010 - INFO - * Log File                         : logs/kafka_2025-08-19_07:35:58
2025-08-19 07:35:58,011 - INFO - * 
2025-08-19 07:35:58,011 - INFO - * DB Dest Specified                : 4
2025-08-19 07:35:58,011 - INFO - * DB Dest Specified                : Kafka
2025-08-19 07:35:58,011 - INFO - * Kafka Bootstrap Servers          : localhost:9092
2025-08-19 07:35:58,011 - INFO - * Kafka Schemaregistry servers     : http://localhost:9081
2025-08-19 07:35:58,011 - INFO - * Kafka Security Protocol          : PLAINTEXT
2025-08-19 07:35:58,011 - INFO - * Kafka SASL Mechanisms            : PLAIN
2025-08-19 07:35:58,011 - INFO - * Kafka Conn Max Retries           : 4
2025-08-19 07:35:58,011 - INFO - * Kafka Conn Delay/Backof          : 0.25
2025-08-19 07:35:58,011 - INFO - * Adult Store                      : adults
2025-08-19 07:35:58,011 - INFO - * Children Store                   : children
2025-08-19 07:35:58,011 - INFO - * Families Store                   : families
2025-08-19 07:35:58,011 - INFO - * 
2025-08-19 07:35:58,011 - INFO - ***********************************************************
2025-08-19 07:35:58,011 - INFO - 
2025-08-19 07:35:58,011 - INFO - STARTING run, logfile => logs/kafka_2025-08-19_07:35:58
2025-08-19 07:35:58,011 - INFO - Attempting Kafka connection (0.25)...
2025-08-19 07:35:58,039 - INFO - Kafka producer connection established to: localhost:9092
2025-08-19 07:35:58,062 - INFO - Successfully loaded geographic data from data/ireland.json
2025-08-19 07:35:58,062 - INFO - Loaded data for Republic of Ireland with 4 provinces
2025-08-19 07:35:58,063 - INFO - Successfully loaded bank data from data/ie_banks.json
2025-08-19 07:35:58,064 - INFO - Creating 875353 people for age bracket 20-30 across 1750 dates in batches of 500
2025-08-19 07:35:58,120 - INFO - Record Flushed - St:2025-08-19 07:35:58 Et:2025-08-19 07:35:58 Rt:0.06 for 95/08/21: Adults 237, Children 64, Families 72, Total 301
2025-08-19 07:35:58,161 - INFO - Record Flushed - St:2025-08-19 07:35:58 Et:2025-08-19 07:35:58 Rt:0.04 for 95/08/28: Adults 238, Children 63, Families 77, Total 301
2025-08-19 07:35:58,204 - INFO - Record Flushed - St:2025-08-19 07:35:58 Et:2025-08-19 07:35:58 Rt:0.04 for 95/09/02: Adults 237, Children 64, Families 82, Total 301
2025-08-19 07:35:58,204 - INFO - Record Flushed - St:2025-08-19 07:35:58 Et:2025-08-19 07:35:58 Rt:0.14 for Age Bracket 20 - 30: Adults 712, Children 191, Families 231, Total 903
2025-08-19 07:35:58,205 - INFO - Creating 1029827 people for age bracket 30-40 across 2059 dates in batches of 500
2025-08-19 07:35:58,249 - INFO - Record Flushed - St:2025-08-19 07:35:58 Et:2025-08-19 07:35:58 Rt:0.04 for 85/08/20: Adults 236, Children 65, Families 78, Total 301
2025-08-19 07:35:58,292 - INFO - Record Flushed - St:2025-08-19 07:35:58 Et:2025-08-19 07:35:58 Rt:0.04 for 85/08/26: Adults 233, Children 68, Families 75, Total 301
2025-08-19 07:35:58,334 - INFO - Record Flushed - St:2025-08-19 07:35:58 Et:2025-08-19 07:35:58 Rt:0.04 for 85/08/30: Adults 235, Children 67, Families 77, Total 302
2025-08-19 07:35:58,334 - INFO - Record Flushed - St:2025-08-19 07:35:58 Et:2025-08-19 07:35:58 Rt:0.13 for Age Bracket 30 - 40: Adults 704, Children 200, Families 230, Total 904
2025-08-19 07:35:58,335 - INFO - Creating 875353 people for age bracket 40-50 across 1750 dates in batches of 500
2025-08-19 07:35:58,377 - INFO - Record Flushed - St:2025-08-19 07:35:58 Et:2025-08-19 07:35:58 Rt:0.04 for 75/08/21: Adults 240, Children 62, Families 79, Total 302
2025-08-19 07:35:58,423 - INFO - Record Flushed - St:2025-08-19 07:35:58 Et:2025-08-19 07:35:58 Rt:0.05 for 75/08/21: Adults 248, Children 56, Families 78, Total 304
2025-08-19 07:35:58,469 - INFO - Record Flushed - St:2025-08-19 07:35:58 Et:2025-08-19 07:35:58 Rt:0.05 for 75/08/21: Adults 229, Children 72, Families 78, Total 301
2025-08-19 07:35:58,469 - INFO - Record Flushed - St:2025-08-19 07:35:58 Et:2025-08-19 07:35:58 Rt:0.13 for Age Bracket 40 - 50: Adults 717, Children 190, Families 235, Total 907
2025-08-19 07:35:58,470 - INFO - Creating 978336 people for age bracket 50-60 across 1956 dates in batches of 500
2025-08-19 07:35:58,516 - INFO - Record Flushed - St:2025-08-19 07:35:58 Et:2025-08-19 07:35:58 Rt:0.05 for 65/08/21: Adults 234, Children 67, Families 89, Total 301
2025-08-19 07:35:58,560 - INFO - Record Flushed - St:2025-08-19 07:35:58 Et:2025-08-19 07:35:58 Rt:0.04 for 65/08/23: Adults 246, Children 56, Families 85, Total 302
2025-08-19 07:35:58,606 - INFO - Record Flushed - St:2025-08-19 07:35:58 Et:2025-08-19 07:35:58 Rt:0.05 for 65/08/28: Adults 252, Children 49, Families 85, Total 301
2025-08-19 07:35:58,606 - INFO - Record Flushed - St:2025-08-19 07:35:58 Et:2025-08-19 07:35:58 Rt:0.14 for Age Bracket 50 - 60: Adults 732, Children 172, Families 259, Total 904
2025-08-19 07:35:58,607 - INFO - Creating 823862 people for age bracket 60-70 across 1647 dates in batches of 500
2025-08-19 07:35:58,658 - INFO - Record Flushed - St:2025-08-19 07:35:58 Et:2025-08-19 07:35:58 Rt:0.05 for 55/08/21: Adults 238, Children 63, Families 79, Total 301
2025-08-19 07:35:58,707 - INFO - Record Flushed - St:2025-08-19 07:35:58 Et:2025-08-19 07:35:58 Rt:0.05 for 55/08/23: Adults 240, Children 61, Families 81, Total 301
2025-08-19 07:35:58,751 - INFO - Record Flushed - St:2025-08-19 07:35:58 Et:2025-08-19 07:35:58 Rt:0.04 for 55/08/23: Adults 247, Children 54, Families 82, Total 301
2025-08-19 07:35:58,751 - INFO - Record Flushed - St:2025-08-19 07:35:58 Et:2025-08-19 07:35:58 Rt:0.15 for Age Bracket 60 - 70: Adults 725, Children 178, Families 242, Total 903
2025-08-19 07:35:58,752 - INFO - Creating 566405 people for age bracket 70-80 across 1132 dates in batches of 500
2025-08-19 07:35:58,797 - INFO - Record Flushed - St:2025-08-19 07:35:58 Et:2025-08-19 07:35:58 Rt:0.04 for 45/08/22: Adults 235, Children 66, Families 81, Total 301
2025-08-19 07:35:58,838 - INFO - Record Flushed - St:2025-08-19 07:35:58 Et:2025-08-19 07:35:58 Rt:0.04 for 45/08/24: Adults 239, Children 62, Families 79, Total 301
2025-08-19 07:35:58,879 - INFO - Record Flushed - St:2025-08-19 07:35:58 Et:2025-08-19 07:35:58 Rt:0.04 for 45/09/01: Adults 237, Children 64, Families 85, Total 301
2025-08-19 07:35:58,879 - INFO - Record Flushed - St:2025-08-19 07:35:58 Et:2025-08-19 07:35:58 Rt:0.13 for Age Bracket 70 - 80: Adults 711, Children 192, Families 245, Total 903
2025-08-19 07:35:58,879 - INFO - Population DB Connect  - St:2025-08-19 07:35:58 Et:2025-08-19 07:35:58 Rt:0.03
2025-08-19 07:35:58,879 - INFO - Population Generate    - St:2025-08-19 07:35:58 Et:2025-08-19 07:35:58 Rt:0.87 Adults: 4301 Children: 1123 Families:1442 Recs:5424 Rate:6234.48 rec/sec
