2025-08-19 07:35:34,087 - INFO - ***********************************************************
2025-08-19 07:35:34,087 - INFO - * 
2025-08-19 07:35:34,087 - INFO - *          Python ....
2025-08-19 07:35:34,088 - INFO - * 
2025-08-19 07:35:34,088 - INFO - ***********************************************************
2025-08-19 07:35:34,088 - INFO - * General
2025-08-19 07:35:34,088 - INFO - * 
2025-08-19 07:35:34,088 - INFO - * Console Debuglevel               : 20
2025-08-19 07:35:34,088 - INFO - * File Debuglevel                  : 20
2025-08-19 07:35:34,088 - INFO - * 
2025-08-19 07:35:34,088 - INFO - * Locale                           : en_IE
2025-08-19 07:35:34,088 - INFO - * Country                          : Ireland
2025-08-19 07:35:34,088 - INFO - * Seed Data Directory              : data
2025-08-19 07:35:34,088 - INFO - * Seed Data File                   : data/ireland.json
2025-08-19 07:35:34,088 - INFO - * Bank Data File                   : data/ie_banks.json
2025-08-19 07:35:34,088 - INFO - * AgeCap                           : 999
2025-08-19 07:35:34,088 - INFO - * DayCap                           : 300
2025-08-19 07:35:34,088 - INFO - * Age Block Size                   : 10
2025-08-19 07:35:34,088 - INFO - * Batch Size                       : 500
2025-08-19 07:35:34,088 - INFO - * 
2025-08-19 07:35:34,088 - INFO - * Log Directory                    : logs
2025-08-19 07:35:34,088 - INFO - * Log File                         : logs/kafka_2025-08-19_07:35:34
2025-08-19 07:35:34,088 - INFO - * 
2025-08-19 07:35:34,088 - INFO - * DB Dest Specified                : 4
2025-08-19 07:35:34,088 - INFO - * DB Dest Specified                : Kafka
2025-08-19 07:35:34,088 - INFO - * Kafka Bootstrap Servers          : localhost:9092
2025-08-19 07:35:34,088 - INFO - * Kafka Schemaregistry servers     : http://localhost:9081
2025-08-19 07:35:34,088 - INFO - * Kafka Security Protocol          : PLAINTEXT
2025-08-19 07:35:34,088 - INFO - * Kafka SASL Mechanisms            : PLAIN
2025-08-19 07:35:34,088 - INFO - * Kafka Conn Max Retries           : 4
2025-08-19 07:35:34,088 - INFO - * Kafka Conn Delay/Backof          : 0.25
2025-08-19 07:35:34,088 - INFO - * Adult Store                      : adults
2025-08-19 07:35:34,088 - INFO - * Children Store                   : children
2025-08-19 07:35:34,088 - INFO - * Families Store                   : families
2025-08-19 07:35:34,088 - INFO - * 
2025-08-19 07:35:34,088 - INFO - ***********************************************************
2025-08-19 07:35:34,088 - INFO - 
2025-08-19 07:35:34,088 - INFO - STARTING run, logfile => logs/kafka_2025-08-19_07:35:34
2025-08-19 07:35:34,088 - INFO - Attempting Kafka connection (0.25)...
2025-08-19 07:35:34,134 - INFO - Kafka producer connection established to: localhost:9092
2025-08-19 07:35:34,164 - INFO - Successfully loaded geographic data from data/ireland.json
2025-08-19 07:35:34,164 - INFO - Loaded data for Republic of Ireland with 4 provinces
2025-08-19 07:35:34,164 - INFO - Successfully loaded bank data from data/ie_banks.json
2025-08-19 07:35:34,166 - INFO - Creating 875353 people for age bracket 20-30 across 1750 dates in batches of 500
2025-08-19 07:35:34,216 - INFO - Record Flushed - St:2025-08-19 07:35:34 Et:2025-08-19 07:35:34 Rt:0.05 for 95/08/24: Adults 243, Children 59, Families 75, Total 302
2025-08-19 07:35:34,255 - INFO - Record Flushed - St:2025-08-19 07:35:34 Et:2025-08-19 07:35:34 Rt:0.04 for 95/08/27: Adults 233, Children 68, Families 84, Total 301
2025-08-19 07:35:34,296 - INFO - Record Flushed - St:2025-08-19 07:35:34 Et:2025-08-19 07:35:34 Rt:0.04 for 95/08/27: Adults 238, Children 63, Families 90, Total 301
2025-08-19 07:35:34,337 - INFO - Record Flushed - St:2025-08-19 07:35:34 Et:2025-08-19 07:35:34 Rt:0.04 for 95/08/30: Adults 235, Children 67, Families 85, Total 302
2025-08-19 07:35:34,337 - INFO - Record Flushed - St:2025-08-19 07:35:34 Et:2025-08-19 07:35:34 Rt:0.17 for Age Bracket 20 - 30: Adults 949, Children 257, Families 334, Total 1206
2025-08-19 07:35:34,339 - INFO - Creating 1029827 people for age bracket 30-40 across 2059 dates in batches of 500
2025-08-19 07:35:34,380 - INFO - Record Flushed - St:2025-08-19 07:35:34 Et:2025-08-19 07:35:34 Rt:0.04 for 85/08/16: Adults 244, Children 60, Families 89, Total 304
2025-08-19 07:35:34,425 - INFO - Record Flushed - St:2025-08-19 07:35:34 Et:2025-08-19 07:35:34 Rt:0.04 for 85/08/16: Adults 242, Children 59, Families 78, Total 301
2025-08-19 07:35:34,466 - INFO - Record Flushed - St:2025-08-19 07:35:34 Et:2025-08-19 07:35:34 Rt:0.04 for 85/08/20: Adults 231, Children 70, Families 69, Total 301
2025-08-19 07:35:34,506 - INFO - Record Flushed - St:2025-08-19 07:35:34 Et:2025-08-19 07:35:34 Rt:0.04 for 85/08/24: Adults 241, Children 60, Families 86, Total 301
2025-08-19 07:35:34,506 - INFO - Record Flushed - St:2025-08-19 07:35:34 Et:2025-08-19 07:35:34 Rt:0.17 for Age Bracket 30 - 40: Adults 958, Children 249, Families 322, Total 1207
2025-08-19 07:35:34,507 - INFO - Creating 875353 people for age bracket 40-50 across 1750 dates in batches of 500
2025-08-19 07:35:34,547 - INFO - Record Flushed - St:2025-08-19 07:35:34 Et:2025-08-19 07:35:34 Rt:0.04 for 75/08/25: Adults 247, Children 55, Families 79, Total 302
2025-08-19 07:35:34,586 - INFO - Record Flushed - St:2025-08-19 07:35:34 Et:2025-08-19 07:35:34 Rt:0.04 for 75/08/29: Adults 245, Children 56, Families 78, Total 301
2025-08-19 07:35:34,627 - INFO - Record Flushed - St:2025-08-19 07:35:34 Et:2025-08-19 07:35:34 Rt:0.04 for 75/09/03: Adults 248, Children 55, Families 81, Total 303
2025-08-19 07:35:34,670 - INFO - Record Flushed - St:2025-08-19 07:35:34 Et:2025-08-19 07:35:34 Rt:0.04 for 75/09/05: Adults 243, Children 61, Families 80, Total 304
2025-08-19 07:35:34,670 - INFO - Record Flushed - St:2025-08-19 07:35:34 Et:2025-08-19 07:35:34 Rt:0.16 for Age Bracket 40 - 50: Adults 983, Children 227, Families 318, Total 1210
2025-08-19 07:35:34,672 - INFO - Creating 978336 people for age bracket 50-60 across 1956 dates in batches of 500
2025-08-19 07:35:34,714 - INFO - Record Flushed - St:2025-08-19 07:35:34 Et:2025-08-19 07:35:34 Rt:0.04 for 65/08/16: Adults 237, Children 64, Families 80, Total 301
2025-08-19 07:35:34,758 - INFO - Record Flushed - St:2025-08-19 07:35:34 Et:2025-08-19 07:35:34 Rt:0.04 for 65/08/20: Adults 243, Children 59, Families 81, Total 302
2025-08-19 07:35:34,799 - INFO - Record Flushed - St:2025-08-19 07:35:34 Et:2025-08-19 07:35:34 Rt:0.04 for 65/08/23: Adults 226, Children 75, Families 77, Total 301
2025-08-19 07:35:34,839 - INFO - Record Flushed - St:2025-08-19 07:35:34 Et:2025-08-19 07:35:34 Rt:0.04 for 65/08/22: Adults 252, Children 49, Families 84, Total 301
2025-08-19 07:35:34,839 - INFO - Record Flushed - St:2025-08-19 07:35:34 Et:2025-08-19 07:35:34 Rt:0.17 for Age Bracket 50 - 60: Adults 958, Children 247, Families 322, Total 1205
2025-08-19 07:35:34,840 - INFO - Creating 823862 people for age bracket 60-70 across 1647 dates in batches of 500
2025-08-19 07:35:34,879 - INFO - Record Flushed - St:2025-08-19 07:35:34 Et:2025-08-19 07:35:34 Rt:0.04 for 55/08/24: Adults 240, Children 63, Families 79, Total 303
2025-08-19 07:35:34,922 - INFO - Record Flushed - St:2025-08-19 07:35:34 Et:2025-08-19 07:35:34 Rt:0.04 for 55/08/28: Adults 240, Children 61, Families 79, Total 301
2025-08-19 07:35:34,961 - INFO - Record Flushed - St:2025-08-19 07:35:34 Et:2025-08-19 07:35:34 Rt:0.04 for 55/09/03: Adults 227, Children 75, Families 71, Total 302
2025-08-19 07:35:35,004 - INFO - Record Flushed - St:2025-08-19 07:35:34 Et:2025-08-19 07:35:35 Rt:0.04 for 55/09/05: Adults 240, Children 64, Families 82, Total 304
2025-08-19 07:35:35,004 - INFO - Record Flushed - St:2025-08-19 07:35:34 Et:2025-08-19 07:35:35 Rt:0.17 for Age Bracket 60 - 70: Adults 947, Children 263, Families 311, Total 1210
2025-08-19 07:35:35,005 - INFO - Creating 566405 people for age bracket 70-80 across 1132 dates in batches of 500
2025-08-19 07:35:35,044 - INFO - Record Flushed - St:2025-08-19 07:35:35 Et:2025-08-19 07:35:35 Rt:0.04 for 45/08/18: Adults 226, Children 76, Families 78, Total 302
2025-08-19 07:35:35,083 - INFO - Record Flushed - St:2025-08-19 07:35:35 Et:2025-08-19 07:35:35 Rt:0.04 for 45/08/16: Adults 229, Children 73, Families 83, Total 302
2025-08-19 07:35:35,127 - INFO - Record Flushed - St:2025-08-19 07:35:35 Et:2025-08-19 07:35:35 Rt:0.04 for 45/08/15: Adults 241, Children 60, Families 85, Total 301
2025-08-19 07:35:35,170 - INFO - Record Flushed - St:2025-08-19 07:35:35 Et:2025-08-19 07:35:35 Rt:0.04 for 45/08/21: Adults 237, Children 64, Families 81, Total 301
2025-08-19 07:35:35,170 - INFO - Record Flushed - St:2025-08-19 07:35:35 Et:2025-08-19 07:35:35 Rt:0.17 for Age Bracket 70 - 80: Adults 933, Children 273, Families 327, Total 1206
2025-08-19 07:35:35,170 - INFO - Population DB Connect  - St:2025-08-19 07:35:34 Et:2025-08-19 07:35:34 Rt:0.05
2025-08-19 07:35:35,170 - INFO - Population Generate    - St:2025-08-19 07:35:34 Et:2025-08-19 07:35:35 Rt:1.08 Adults: 5728 Children: 1516 Families:1934 Recs:7244 Rate:6707.41 rec/sec
